Performing C++ SOURCE FILE Test _fbracket_depth_4096 failed with the following output:
Change Dir: /home/kyrie/computer-architecture/Lab01/verilog-design-for-student/verilog-design/build/CMakeFiles/CMakeTmp

Run Build Command(s):/usr/bin/make -f Makefile cmTC_95b04/fast && /usr/bin/make  -f CMakeFiles/cmTC_95b04.dir/build.make CMakeFiles/cmTC_95b04.dir/build
make[1]: Entering directory '/home/kyrie/computer-architecture/Lab01/verilog-design-for-student/verilog-design/build/CMakeFiles/CMakeTmp'
Building CXX object CMakeFiles/cmTC_95b04.dir/src.cxx.o
/usr/bin/c++ -D_fbracket_depth_4096  -fbracket-depth=4096 -o CMakeFiles/cmTC_95b04.dir/src.cxx.o -c /home/kyrie/computer-architecture/Lab01/verilog-design-for-student/verilog-design/build/CMakeFiles/CMakeTmp/src.cxx
c++: error: unrecognized command line option '-fbracket-depth=4096'
make[1]: *** [CMakeFiles/cmTC_95b04.dir/build.make:78: CMakeFiles/cmTC_95b04.dir/src.cxx.o] Error 1
make[1]: Leaving directory '/home/kyrie/computer-architecture/Lab01/verilog-design-for-student/verilog-design/build/CMakeFiles/CMakeTmp'
make: *** [Makefile:127: cmTC_95b04/fast] Error 2


Source file was:
int main() { return 0; }
Performing C++ SOURCE FILE Test _mno_cet failed with the following output:
Change Dir: /home/kyrie/computer-architecture/Lab01/verilog-design-for-student/verilog-design/build/CMakeFiles/CMakeTmp

Run Build Command(s):/usr/bin/make -f Makefile cmTC_4d13e/fast && /usr/bin/make  -f CMakeFiles/cmTC_4d13e.dir/build.make CMakeFiles/cmTC_4d13e.dir/build
make[1]: Entering directory '/home/kyrie/computer-architecture/Lab01/verilog-design-for-student/verilog-design/build/CMakeFiles/CMakeTmp'
Building CXX object CMakeFiles/cmTC_4d13e.dir/src.cxx.o
/usr/bin/c++ -D_mno_cet  -mno-cet -o CMakeFiles/cmTC_4d13e.dir/src.cxx.o -c /home/kyrie/computer-architecture/Lab01/verilog-design-for-student/verilog-design/build/CMakeFiles/CMakeTmp/src.cxx
c++: error: unrecognized command line option '-mno-cet'; did you mean '-mno-aes'?
make[1]: *** [CMakeFiles/cmTC_4d13e.dir/build.make:78: CMakeFiles/cmTC_4d13e.dir/src.cxx.o] Error 1
make[1]: Leaving directory '/home/kyrie/computer-architecture/Lab01/verilog-design-for-student/verilog-design/build/CMakeFiles/CMakeTmp'
make: *** [Makefile:127: cmTC_4d13e/fast] Error 2


Source file was:
int main() { return 0; }
Performing C++ SOURCE FILE Test _Qunused_arguments failed with the following output:
Change Dir: /home/kyrie/computer-architecture/Lab01/verilog-design-for-student/verilog-design/build/CMakeFiles/CMakeTmp

Run Build Command(s):/usr/bin/make -f Makefile cmTC_9b0d6/fast && /usr/bin/make  -f CMakeFiles/cmTC_9b0d6.dir/build.make CMakeFiles/cmTC_9b0d6.dir/build
make[1]: Entering directory '/home/kyrie/computer-architecture/Lab01/verilog-design-for-student/verilog-design/build/CMakeFiles/CMakeTmp'
Building CXX object CMakeFiles/cmTC_9b0d6.dir/src.cxx.o
/usr/bin/c++ -D_Qunused_arguments  -Qunused-arguments -o CMakeFiles/cmTC_9b0d6.dir/src.cxx.o -c /home/kyrie/computer-architecture/Lab01/verilog-design-for-student/verilog-design/build/CMakeFiles/CMakeTmp/src.cxx
c++: error: unrecognized command line option '-Qunused-arguments'
make[1]: *** [CMakeFiles/cmTC_9b0d6.dir/build.make:78: CMakeFiles/cmTC_9b0d6.dir/src.cxx.o] Error 1
make[1]: Leaving directory '/home/kyrie/computer-architecture/Lab01/verilog-design-for-student/verilog-design/build/CMakeFiles/CMakeTmp'
make: *** [Makefile:127: cmTC_9b0d6/fast] Error 2


Source file was:
int main() { return 0; }
Performing C++ SOURCE FILE Test _mt failed with the following output:
Change Dir: /home/kyrie/computer-architecture/Lab01/verilog-design-for-student/verilog-design/build/CMakeFiles/CMakeTmp

Run Build Command(s):/usr/bin/make -f Makefile cmTC_3b228/fast && /usr/bin/make  -f CMakeFiles/cmTC_3b228.dir/build.make CMakeFiles/cmTC_3b228.dir/build
make[1]: Entering directory '/home/kyrie/computer-architecture/Lab01/verilog-design-for-student/verilog-design/build/CMakeFiles/CMakeTmp'
Building CXX object CMakeFiles/cmTC_3b228.dir/src.cxx.o
/usr/bin/c++ -D_mt   -o CMakeFiles/cmTC_3b228.dir/src.cxx.o -c /home/kyrie/computer-architecture/Lab01/verilog-design-for-student/verilog-design/build/CMakeFiles/CMakeTmp/src.cxx
Linking CXX executable cmTC_3b228
/usr/local/bin/cmake -E cmake_link_script CMakeFiles/cmTC_3b228.dir/link.txt --verbose=1
/usr/bin/c++ CMakeFiles/cmTC_3b228.dir/src.cxx.o -o cmTC_3b228  -mt 
c++: error: unrecognized command line option ‘-mt’; did you mean ‘-t’?
make[1]: *** [CMakeFiles/cmTC_3b228.dir/build.make:99: cmTC_3b228] Error 1
make[1]: Leaving directory '/home/kyrie/computer-architecture/Lab01/verilog-design-for-student/verilog-design/build/CMakeFiles/CMakeTmp'
make: *** [Makefile:127: cmTC_3b228/fast] Error 2


Source file was:
int main() {return 0;}

