Vivado Simulator 2017.1
Copyright 1986-1999, 2001-2016 Xilinx, Inc. All Rights Reserved.
Running: D:/product_app/Xilinx/Vivado/2017.1/bin/unwrapped/win64.o/xelab.exe -wto 57e11b782a4f4c88bf6fa37929f9b65e --debug typical --relax --mt 2 -L blk_mem_gen_v8_3_6 -L xil_defaultlib -L unisims_ver -L unimacro_ver -L secureip -L xpm --snapshot tb_behav xil_defaultlib.tb xil_defaultlib.glbl -log elaborate.log 
Using 2 slave threads.
Starting static elaboration
WARNING: [VRFC 10-1783] select index 62 into current_contents is out of bounds [/wrk/2017.1/nightly/2017_04_14_1846317/packages/customer/vivado/data/ip/xilinx/blk_mem_gen_v8_3/simulation/blk_mem_gen_v8_3.v:2420]
Completed static elaboration
Starting simulation data flow analysis
Completed simulation data flow analysis
Time Resolution for simulation is 1ps
Compiling module xil_defaultlib.fetch
Compiling module xil_defaultlib.decode
Compiling module xil_defaultlib.adder
Compiling module xil_defaultlib.alu
Compiling module xil_defaultlib.multiply
Compiling module xil_defaultlib.exe
Compiling module xil_defaultlib.mem
Compiling module xil_defaultlib.wb
Compiling module blk_mem_gen_v8_3_6.blk_mem_gen_v8_3_6_output_stage(...
Compiling module blk_mem_gen_v8_3_6.blk_mem_gen_v8_3_6_output_stage(...
Compiling module blk_mem_gen_v8_3_6.blk_mem_gen_v8_3_6_softecc_outpu...
Compiling module blk_mem_gen_v8_3_6.blk_mem_gen_v8_3_6_mem_module(C_...
Compiling module blk_mem_gen_v8_3_6.blk_mem_gen_v8_3_6(C_FAMILY="art...
Compiling module xil_defaultlib.inst_rom
Compiling module xil_defaultlib.regfile
Compiling module blk_mem_gen_v8_3_6.blk_mem_gen_v8_3_6_output_stage(...
Compiling module blk_mem_gen_v8_3_6.blk_mem_gen_v8_3_6_mem_module(C_...
Compiling module blk_mem_gen_v8_3_6.blk_mem_axi_regs_fwd_v8_3(C_DATA...
Compiling module blk_mem_gen_v8_3_6.blk_mem_gen_v8_3_6(C_FAMILY="art...
Compiling module xil_defaultlib.data_ram
Compiling module xil_defaultlib.pipeline_cpu
Compiling module xil_defaultlib.tb
Compiling module xil_defaultlib.glbl
Built simulation snapshot tb_behav
